<?xml version="1.0" encoding="UTF-8"?>
<testsuites name="Dashboard_Creation" time="202.4" tests="1" failures="0" errors="0">
   <testsuite name="Dashboard_Creation" tests="1" failures="0" errors="0" time="202.4" skipped="0" timestamp="26-06-2025T19:28:07" hostname="Suraj Kumar - DESKTOP-9A65H58" id="Test Suites/Dashboard_Creation">
      <properties>
         <property name="deviceName" value=""/>
         <property name="devicePlatform"/>
         <property name="logFolder" value="C:\\Users\\Suraj Kumar\\Katalon Studio\\ParkEngage_Platform_Automation\\Reports\\20250626_192758\\Dashboard_Creation\\20250626_192758"/>
         <property name="logFiles" value="C:\\Users\\Suraj Kumar\\Katalon Studio\\ParkEngage_Platform_Automation\\Reports\\20250626_192758\\Dashboard_Creation\\20250626_192758\\console0.log, C:\\Users\\Suraj Kumar\\Katalon Studio\\ParkEngage_Platform_Automation\\Reports\\20250626_192758\\Dashboard_Creation\\20250626_192758\\execution0.log"/>
         <property name="attachments" value=""/>
         <property name="hostName" value="Suraj Kumar - DESKTOP-9A65H58"/>
         <property name="os" value="Windows 11 64bit"/>
         <property name="katalonVersion" value="10.2.0.0"/>
         <property name="browser" value="Chrome 137.0.7151.104"/>
         <property name="userFullName" value="Suraj Kumar"/>
         <property name="hostAddress" value="192.168.0.221"/>
         <property name="sessionId" value="3724473f81335610c2ed672b3674a324"/>
         <property name="projectName" value="My First Web UI Project"/>
         <property name="seleniumVersion" value="4.28.1"/>
         <property name="proxyInformation" value="ProxyInformation { proxyOption=NO_PROXY, proxyServerType=HTTP, username=, password=********, proxyServerAddress=, proxyServerPort=0, executionList=&quot;&quot;, isApplyToDesiredCapabilities=true }"/>
         <property name="platform" value="Windows 11"/>
      </properties>
      <testcase name="Test Cases/Pre-Prod_Environment/Dashboard_Creation_BasicFlow_Script_01" time="200.819" classname="Test Cases/Pre-Prod_Environment/Dashboard_Creation_BasicFlow_Script_01" status="PASSED">
         <properties>
            <property name="data_binding"><![CDATA[{"(Default) email":"superadmin@parkengage.com\r\n"}]]></property>
         </properties>
         <system-out><![CDATA[26-06-2025T19:28:08 - [TEST_CASE][PASSED] - Test Cases/Pre-Prod_Environment/Dashboard_Creation_BasicFlow_Script_01: Test Cases/Pre-Prod_Environment/Dashboard_Creation_BasicFlow_Script_01

26-06-2025T19:28:10 - [TEST_STEP][PASSED] - openBrowser(""): Browser is opened with url: ''

26-06-2025T19:28:10 - [MESSAGE][INFO] - Starting 'Chrome' driver

26-06-2025T19:28:10 - [MESSAGE][INFO] - Action delay is set to 1,000 milliseconds

26-06-2025T19:28:14 - [MESSAGE][WARNING] - FFmpeg was not installed! Browser Recording will be disabled. Please follow this document to install FFmpeg first: https://docs.katalon.com/katalon-studio/test-reports/generate-test-reports/generate-browser-based-videos-in-katalon-studio-reports#browser-based-recorder

26-06-2025T19:28:14 - [MESSAGE][PASSED] - Browser is opened with url: ''

26-06-2025T19:28:14 - [TEST_STEP][PASSED] - maximizeWindow(): Current window maximized

26-06-2025T19:28:15 - [MESSAGE][PASSED] - Current window maximized

26-06-2025T19:28:15 - [TEST_STEP][PASSED] - navigateToUrl("https://preprod-admin.parkengage.com/"): Navigate to 'https://preprod-admin.parkengage.com/' successfully

26-06-2025T19:28:33 - [MESSAGE][PASSED] - Navigate to 'https://preprod-admin.parkengage.com/' successfully

26-06-2025T19:28:33 - [TEST_STEP][PASSED] - waitForElementPresent(findTestObject("Login_Page_Objects/Login_Button"), 20): Object 'Object Repository/Login_Page_Objects/Login_Button' is present

26-06-2025T19:28:34 - [MESSAGE][PASSED] - Object 'Object Repository/Login_Page_Objects/Login_Button' is present

26-06-2025T19:28:34 - [TEST_STEP][PASSED] - click(findTestObject("Login_Page_Objects/Login_Button")): Object: 'Object Repository/Login_Page_Objects/Login_Button' is clicked on

26-06-2025T19:28:35 - [MESSAGE][PASSED] - Object: 'Object Repository/Login_Page_Objects/Login_Button' is clicked on

26-06-2025T19:28:35 - [TEST_STEP][PASSED] - waitForElementPresent(findTestObject("Login_Page_Objects/Email_Password_Field"), 20): Object 'Object Repository/Login_Page_Objects/Email_Password_Field' is present

26-06-2025T19:28:36 - [MESSAGE][PASSED] - Object 'Object Repository/Login_Page_Objects/Email_Password_Field' is present

26-06-2025T19:28:36 - [TEST_STEP][PASSED] - setText(findTestObject("Login_Page_Objects/Email_Input_Field"), email): Text 'superadmin@parkengage.com
' is set on object 'Object Repository/Login_Page_Objects/Email_Input_Field'

26-06-2025T19:28:38 - [MESSAGE][PASSED] - Text 'superadmin@parkengage.com
' is set on object 'Object Repository/Login_Page_Objects/Email_Input_Field'

26-06-2025T19:28:38 - [TEST_STEP][PASSED] - setEncryptedText(findTestObject("Login_Page_Objects/Email_Password_Field"), "Cqo1foBX0qbZ3A82kE6k0A=="): Text ****** has been set on object 'Object Repository/Login_Page_Objects/Email_Password_Field'

26-06-2025T19:28:40 - [MESSAGE][PASSED] - Text ****** has been set on object 'Object Repository/Login_Page_Objects/Email_Password_Field'

26-06-2025T19:28:40 - [TEST_STEP][PASSED] - click(findTestObject("Login_Page_Objects/Login_Submit_Button")): Object: 'Object Repository/Login_Page_Objects/Login_Submit_Button' is clicked on

26-06-2025T19:28:41 - [MESSAGE][PASSED] - Object: 'Object Repository/Login_Page_Objects/Login_Submit_Button' is clicked on

26-06-2025T19:28:41 - [TEST_STEP][PASSED] - delay(15): Delayed 15 second(s)

26-06-2025T19:28:56 - [MESSAGE][PASSED] - Delayed 15 second(s)

26-06-2025T19:28:56 - [TEST_STEP][PASSED] - doubleClick(findTestObject("Dashboard_Analytics/Dashboard_Configuration_Menu")): Object: 'Object Repository/Dashboard_Analytics/Dashboard_Configuration_Menu' is double clicked on

26-06-2025T19:28:57 - [MESSAGE][PASSED] - Object: 'Object Repository/Dashboard_Analytics/Dashboard_Configuration_Menu' is double clicked on

26-06-2025T19:28:57 - [TEST_STEP][PASSED] - delay(2): Delayed 2 second(s)

26-06-2025T19:28:59 - [MESSAGE][PASSED] - Delayed 2 second(s)

26-06-2025T19:28:59 - [TEST_STEP][PASSED] - click(findTestObject("Dashboard_Analytics/Add_New_Button_Dashboard")): Object: 'Object Repository/Dashboard_Analytics/Add_New_Button_Dashboard' is clicked on

26-06-2025T19:29:00 - [MESSAGE][PASSED] - Object: 'Object Repository/Dashboard_Analytics/Add_New_Button_Dashboard' is clicked on

26-06-2025T19:29:00 - [TEST_STEP][PASSED] - waitForElementPresent(findTestObject("Dashboard_Analytics/Dashboard_Title_Input"), 10): Object 'Object Repository/Dashboard_Analytics/Dashboard_Title_Input' is present

26-06-2025T19:29:01 - [MESSAGE][PASSED] - Object 'Object Repository/Dashboard_Analytics/Dashboard_Title_Input' is present

26-06-2025T19:29:01 - [TEST_STEP][PASSED] - setText(findTestObject("Dashboard_Analytics/Dashboard_Title_Input"), "New_Dashboard_Create"): Text 'New_Dashboard_Create' is set on object 'Object Repository/Dashboard_Analytics/Dashboard_Title_Input'

26-06-2025T19:29:03 - [MESSAGE][PASSED] - Text 'New_Dashboard_Create' is set on object 'Object Repository/Dashboard_Analytics/Dashboard_Title_Input'

26-06-2025T19:29:03 - [TEST_STEP][PASSED] - setText(findTestObject("Dashboard_Analytics/Input_Embeded_Id"), "96213a28-ce51-4746-aa6a-6c8dbe8aac8e"): Text '96213a28-ce51-4746-aa6a-6c8dbe8aac8e' is set on object 'Object Repository/Dashboard_Analytics/Input_Embeded_Id'

26-06-2025T19:29:05 - [MESSAGE][PASSED] - Text '96213a28-ce51-4746-aa6a-6c8dbe8aac8e' is set on object 'Object Repository/Dashboard_Analytics/Input_Embeded_Id'

26-06-2025T19:29:05 - [TEST_STEP][PASSED] - delay(2): Delayed 2 second(s)

26-06-2025T19:29:07 - [MESSAGE][PASSED] - Delayed 2 second(s)

26-06-2025T19:29:07 - [TEST_STEP][PASSED] - click(findTestObject("Dashboard_Analytics/Enable_RLS_Check_Box")): Object: 'Object Repository/Dashboard_Analytics/Enable_RLS_Check_Box' is clicked on

26-06-2025T19:29:08 - [MESSAGE][PASSED] - Object: 'Object Repository/Dashboard_Analytics/Enable_RLS_Check_Box' is clicked on

26-06-2025T19:29:08 - [TEST_STEP][PASSED] - delay(2): Delayed 2 second(s)

26-06-2025T19:29:10 - [MESSAGE][PASSED] - Delayed 2 second(s)

26-06-2025T19:29:10 - [TEST_STEP][PASSED] - clearText(findTestObject("Dashboard_Analytics/RLS_Configuration")): Text of object 'Object Repository/Dashboard_Analytics/RLS_Configuration' is cleared

26-06-2025T19:29:11 - [MESSAGE][PASSED] - Text of object 'Object Repository/Dashboard_Analytics/RLS_Configuration' is cleared

26-06-2025T19:29:11 - [TEST_STEP][PASSED] - setText(findTestObject("Dashboard_Analytics/RLS_Configuration"), "{ "partner_id": "{{partner_id}}" }"): Text '{ "partner_id": "{{partner_id}}" }' is set on object 'Object Repository/Dashboard_Analytics/RLS_Configuration'

26-06-2025T19:29:13 - [MESSAGE][PASSED] - Text '{ "partner_id": "{{partner_id}}" }' is set on object 'Object Repository/Dashboard_Analytics/RLS_Configuration'

26-06-2025T19:29:13 - [TEST_STEP][PASSED] - setText(findTestObject("Dashboard_Analytics/UI_Config_Clause"), "{ "hideTitle": true, "hideTab": true, "hideChartControls": true, "filters": { "visible": true, "expanded": false } }"): Text '{ "hideTitle": true, "hideTab": true, "hideChartControls": true, "filters": { "visible": true, "expanded": false } }' is set on object 'Object Repository/Dashboard_Analytics/UI_Config_Clause'

26-06-2025T19:29:15 - [MESSAGE][PASSED] - Text '{ "hideTitle": true, "hideTab": true, "hideChartControls": true, "filters": { "visible": true, "expanded": false } }' is set on object 'Object Repository/Dashboard_Analytics/UI_Config_Clause'

26-06-2025T19:29:15 - [TEST_STEP][PASSED] - delay(2): Delayed 2 second(s)

26-06-2025T19:29:17 - [MESSAGE][PASSED] - Delayed 2 second(s)

26-06-2025T19:29:17 - [TEST_STEP][PASSED] - click(findTestObject("Dashboard_Analytics/Create_Button_Dashboard")): Object: 'Object Repository/Dashboard_Analytics/Create_Button_Dashboard' is clicked on

26-06-2025T19:29:18 - [MESSAGE][PASSED] - Object: 'Object Repository/Dashboard_Analytics/Create_Button_Dashboard' is clicked on

26-06-2025T19:29:18 - [TEST_STEP][PASSED] - delay(2): Delayed 2 second(s)

26-06-2025T19:29:20 - [MESSAGE][PASSED] - Delayed 2 second(s)

26-06-2025T19:29:20 - [TEST_STEP][PASSED] - scrollToElement(findTestObject("Dashboard_Analytics/Membership_Plan_Menu_Option"), 5): Scroll to object 'Object Repository/Dashboard_Analytics/Membership_Plan_Menu_Option' successfully

26-06-2025T19:29:21 - [MESSAGE][PASSED] - Scroll to object 'Object Repository/Dashboard_Analytics/Membership_Plan_Menu_Option' successfully

26-06-2025T19:29:21 - [TEST_STEP][PASSED] - click(findTestObject("Dashboard_Analytics/Membership_Plan_Menu_Option")): Object: 'Object Repository/Dashboard_Analytics/Membership_Plan_Menu_Option' is clicked on

26-06-2025T19:29:22 - [MESSAGE][PASSED] - Object: 'Object Repository/Dashboard_Analytics/Membership_Plan_Menu_Option' is clicked on

26-06-2025T19:29:22 - [TEST_STEP][PASSED] - delay(2): Delayed 2 second(s)

26-06-2025T19:29:24 - [MESSAGE][PASSED] - Delayed 2 second(s)

26-06-2025T19:29:24 - [TEST_STEP][PASSED] - click(findTestObject("Dashboard_Analytics/RevPass_Membership_Plan_Edit_Button")): Object: 'Object Repository/Dashboard_Analytics/RevPass_Membership_Plan_Edit_Button' is clicked on

26-06-2025T19:29:26 - [MESSAGE][PASSED] - Object: 'Object Repository/Dashboard_Analytics/RevPass_Membership_Plan_Edit_Button' is clicked on

26-06-2025T19:29:26 - [TEST_STEP][PASSED] - delay(2): Delayed 2 second(s)

26-06-2025T19:29:28 - [MESSAGE][PASSED] - Delayed 2 second(s)

26-06-2025T19:29:28 - [TEST_STEP][PASSED] - click(findTestObject("Dashboard_Analytics/Genearl_Permision_Expand_DrpDwn")): Object: 'Object Repository/Dashboard_Analytics/Genearl_Permision_Expand_DrpDwn' is clicked on

26-06-2025T19:29:29 - [MESSAGE][PASSED] - Object: 'Object Repository/Dashboard_Analytics/Genearl_Permision_Expand_DrpDwn' is clicked on

26-06-2025T19:29:29 - [TEST_STEP][PASSED] - click(findTestObject("Dashboard_Analytics/Checkbox_EngagementInsight_Permission"), CONTINUE_ON_FAILURE): Object: 'Object Repository/Dashboard_Analytics/Checkbox_EngagementInsight_Permission' is clicked on

26-06-2025T19:29:31 - [MESSAGE][PASSED] - Object: 'Object Repository/Dashboard_Analytics/Checkbox_EngagementInsight_Permission' is clicked on

26-06-2025T19:29:31 - [TEST_STEP][PASSED] - scrollToElement(findTestObject("Dashboard_Analytics/PE_Dashboard_Permission_CB"), 10): Scroll to object 'Object Repository/Dashboard_Analytics/PE_Dashboard_Permission_CB' successfully

26-06-2025T19:29:32 - [MESSAGE][PASSED] - Scroll to object 'Object Repository/Dashboard_Analytics/PE_Dashboard_Permission_CB' successfully

26-06-2025T19:29:32 - [TEST_STEP][PASSED] - click(findTestObject("Dashboard_Analytics/PE_Dashboard_Permission_CB")): Object: 'Object Repository/Dashboard_Analytics/PE_Dashboard_Permission_CB' is clicked on

26-06-2025T19:29:33 - [MESSAGE][PASSED] - Object: 'Object Repository/Dashboard_Analytics/PE_Dashboard_Permission_CB' is clicked on

26-06-2025T19:29:33 - [TEST_STEP][PASSED] - scrollToElement(findTestObject("Dashboard_Analytics/Update_Button_MB_Plan"), 10): Scroll to object 'Object Repository/Dashboard_Analytics/Update_Button_MB_Plan' successfully

26-06-2025T19:29:34 - [MESSAGE][PASSED] - Scroll to object 'Object Repository/Dashboard_Analytics/Update_Button_MB_Plan' successfully

26-06-2025T19:29:34 - [TEST_STEP][PASSED] - click(findTestObject("Dashboard_Analytics/Update_Button_MB_Plan")): Object: 'Object Repository/Dashboard_Analytics/Update_Button_MB_Plan' is clicked on

26-06-2025T19:29:35 - [MESSAGE][PASSED] - Object: 'Object Repository/Dashboard_Analytics/Update_Button_MB_Plan' is clicked on

26-06-2025T19:29:35 - [TEST_STEP][PASSED] - waitForElementPresent(findTestObject("Dashboard_Analytics/EngagementInsight_Menu"), 40): Object 'Object Repository/Dashboard_Analytics/EngagementInsight_Menu' is present

26-06-2025T19:29:50 - [MESSAGE][PASSED] - Object 'Object Repository/Dashboard_Analytics/EngagementInsight_Menu' is present

26-06-2025T19:29:50 - [TEST_STEP][PASSED] - click(findTestObject("Dashboard_Analytics/EngagementInsight_Menu")): Object: 'Object Repository/Dashboard_Analytics/EngagementInsight_Menu' is clicked on

26-06-2025T19:29:51 - [MESSAGE][PASSED] - Object: 'Object Repository/Dashboard_Analytics/EngagementInsight_Menu' is clicked on

26-06-2025T19:29:51 - [TEST_STEP][PASSED] - waitForElementClickable(findTestObject("Dashboard_Analytics/Partner_Selection_Drp_Dwn"), 30): Object 'Object Repository/Dashboard_Analytics/Partner_Selection_Drp_Dwn' is clickable

26-06-2025T19:29:52 - [MESSAGE][PASSED] - Object 'Object Repository/Dashboard_Analytics/Partner_Selection_Drp_Dwn' is clickable

26-06-2025T19:29:52 - [TEST_STEP][PASSED] - click(findTestObject("Dashboard_Analytics/Partner_Selection_Drp_Dwn")): Object: 'Object Repository/Dashboard_Analytics/Partner_Selection_Drp_Dwn' is clicked on

26-06-2025T19:29:53 - [MESSAGE][PASSED] - Object: 'Object Repository/Dashboard_Analytics/Partner_Selection_Drp_Dwn' is clicked on

26-06-2025T19:29:53 - [TEST_STEP][PASSED] - delay(2): Delayed 2 second(s)

26-06-2025T19:29:55 - [MESSAGE][PASSED] - Delayed 2 second(s)

26-06-2025T19:29:55 - [TEST_STEP][PASSED] - click(findTestObject("Dashboard_Analytics/jkane_partner_selelction")): Object: 'Object Repository/Dashboard_Analytics/jkane_partner_selelction' is clicked on

26-06-2025T19:29:57 - [MESSAGE][PASSED] - Object: 'Object Repository/Dashboard_Analytics/jkane_partner_selelction' is clicked on

26-06-2025T19:29:57 - [TEST_STEP][PASSED] - delay(2): Delayed 2 second(s)

26-06-2025T19:29:59 - [MESSAGE][PASSED] - Delayed 2 second(s)

26-06-2025T19:29:59 - [TEST_STEP][PASSED] - click(findTestObject("Dashboard_Analytics/Submit_Button")): Object: 'Object Repository/Dashboard_Analytics/Submit_Button' is clicked on

26-06-2025T19:30:00 - [MESSAGE][PASSED] - Object: 'Object Repository/Dashboard_Analytics/Submit_Button' is clicked on

26-06-2025T19:30:00 - [TEST_STEP][PASSED] - delay(2): Delayed 2 second(s)

26-06-2025T19:30:02 - [MESSAGE][PASSED] - Delayed 2 second(s)

26-06-2025T19:30:02 - [TEST_STEP][PASSED] - switchToWindowIndex(1): Switched to window with index: '1'

26-06-2025T19:30:02 - [MESSAGE][PASSED] - Switched to window with index: '1'

26-06-2025T19:30:02 - [TEST_STEP][PASSED] - delay(12): Delayed 12 second(s)

26-06-2025T19:30:14 - [MESSAGE][PASSED] - Delayed 12 second(s)

26-06-2025T19:30:14 - [TEST_STEP][PASSED] - waitForElementPresent(findTestObject("Page_Parkengage/span_Operational Dashboard"), 10): Object 'Object Repository/Page_Parkengage/span_Operational Dashboard' is present

26-06-2025T19:30:15 - [MESSAGE][PASSED] - Object 'Object Repository/Page_Parkengage/span_Operational Dashboard' is present

26-06-2025T19:30:15 - [TEST_STEP][PASSED] - click(findTestObject("Page_Parkengage/span_Operational Dashboard")): Object: 'Object Repository/Page_Parkengage/span_Operational Dashboard' is clicked on

26-06-2025T19:30:17 - [MESSAGE][PASSED] - Object: 'Object Repository/Page_Parkengage/span_Operational Dashboard' is clicked on

26-06-2025T19:30:17 - [TEST_STEP][PASSED] - delay(3): Delayed 3 second(s)

26-06-2025T19:30:20 - [MESSAGE][PASSED] - Delayed 3 second(s)

26-06-2025T19:30:20 - [TEST_STEP][PASSED] - click(findTestObject("Page_Parkengage/span_Permits")): Object: 'Object Repository/Page_Parkengage/span_Permits' is clicked on

26-06-2025T19:30:22 - [MESSAGE][PASSED] - Object: 'Object Repository/Page_Parkengage/span_Permits' is clicked on

26-06-2025T19:30:22 - [TEST_STEP][PASSED] - delay(3): Delayed 3 second(s)

26-06-2025T19:30:25 - [MESSAGE][PASSED] - Delayed 3 second(s)

26-06-2025T19:30:25 - [TEST_STEP][PASSED] - click(findTestObject("Page_Parkengage/Detail Table")): Object: 'Object Repository/Page_Parkengage/Detail Table' is clicked on

26-06-2025T19:30:27 - [MESSAGE][PASSED] - Object: 'Object Repository/Page_Parkengage/Detail Table' is clicked on

26-06-2025T19:30:27 - [TEST_STEP][PASSED] - delay(3): Delayed 3 second(s)

26-06-2025T19:30:30 - [MESSAGE][PASSED] - Delayed 3 second(s)

26-06-2025T19:30:30 - [TEST_STEP][PASSED] - click(findTestObject("Page_Parkengage/Detail Table")): Object: 'Object Repository/Page_Parkengage/Detail Table' is clicked on

26-06-2025T19:30:32 - [MESSAGE][PASSED] - Object: 'Object Repository/Page_Parkengage/Detail Table' is clicked on

26-06-2025T19:30:32 - [TEST_STEP][PASSED] - delay(3): Delayed 3 second(s)

26-06-2025T19:30:35 - [MESSAGE][PASSED] - Delayed 3 second(s)

26-06-2025T19:30:35 - [TEST_STEP][PASSED] - click(findTestObject("Page_Parkengage/Time_Period_Selection")): Object: 'Object Repository/Page_Parkengage/Time_Period_Selection' is clicked on

26-06-2025T19:30:37 - [MESSAGE][PASSED] - Object: 'Object Repository/Page_Parkengage/Time_Period_Selection' is clicked on

26-06-2025T19:30:37 - [TEST_STEP][PASSED] - delay(2): Delayed 2 second(s)

26-06-2025T19:30:39 - [MESSAGE][PASSED] - Delayed 2 second(s)

26-06-2025T19:30:39 - [TEST_STEP][PASSED] - click(findTestObject("Page_Parkengage/previous calendar week")): Object: 'Object Repository/Page_Parkengage/previous calendar week' is clicked on

26-06-2025T19:30:40 - [MESSAGE][PASSED] - Object: 'Object Repository/Page_Parkengage/previous calendar week' is clicked on

26-06-2025T19:30:40 - [TEST_STEP][PASSED] - delay(2): Delayed 2 second(s)

26-06-2025T19:30:42 - [MESSAGE][PASSED] - Delayed 2 second(s)

26-06-2025T19:30:43 - [TEST_STEP][PASSED] - click(findTestObject("Page_Parkengage/button_APPLY")): Object: 'Object Repository/Page_Parkengage/button_APPLY' is clicked on

26-06-2025T19:30:44 - [MESSAGE][PASSED] - Object: 'Object Repository/Page_Parkengage/button_APPLY' is clicked on

26-06-2025T19:30:44 - [TEST_STEP][PASSED] - delay(1): Delayed 1 second(s)

26-06-2025T19:30:45 - [MESSAGE][PASSED] - Delayed 1 second(s)

26-06-2025T19:30:45 - [TEST_STEP][PASSED] - click(findTestObject("Page_Parkengage/Apply filters")): Object: 'Object Repository/Page_Parkengage/Apply filters' is clicked on

26-06-2025T19:30:47 - [MESSAGE][PASSED] - Object: 'Object Repository/Page_Parkengage/Apply filters' is clicked on

26-06-2025T19:30:47 - [TEST_STEP][PASSED] - delay(2): Delayed 2 second(s)

26-06-2025T19:30:49 - [MESSAGE][PASSED] - Delayed 2 second(s)

26-06-2025T19:30:49 - [TEST_STEP][PASSED] - switchToWindowIndex(0): Switched to window with index: '0'

26-06-2025T19:30:49 - [MESSAGE][PASSED] - Switched to window with index: '0'

26-06-2025T19:30:49 - [TEST_STEP][PASSED] - delay(2): Delayed 2 second(s)

26-06-2025T19:30:51 - [MESSAGE][PASSED] - Delayed 2 second(s)

26-06-2025T19:30:51 - [TEST_STEP][PASSED] - click(findTestObject("Dashboard_Analytics/Dashboard_Configuration_Menu")): Object: 'Object Repository/Dashboard_Analytics/Dashboard_Configuration_Menu' is clicked on

26-06-2025T19:30:53 - [MESSAGE][PASSED] - Object: 'Object Repository/Dashboard_Analytics/Dashboard_Configuration_Menu' is clicked on

26-06-2025T19:30:53 - [TEST_STEP][PASSED] - delay(2): Delayed 2 second(s)

26-06-2025T19:30:55 - [MESSAGE][PASSED] - Delayed 2 second(s)

26-06-2025T19:30:55 - [TEST_STEP][PASSED] - click(findTestObject("Dashboard_Analytics/Delete_Dashborad_BTN")): Object: 'Object Repository/Dashboard_Analytics/Delete_Dashborad_BTN' is clicked on

26-06-2025T19:30:57 - [MESSAGE][PASSED] - Object: 'Object Repository/Dashboard_Analytics/Delete_Dashborad_BTN' is clicked on

26-06-2025T19:30:57 - [TEST_STEP][PASSED] - delay(1): Delayed 1 second(s)

26-06-2025T19:30:58 - [MESSAGE][PASSED] - Delayed 1 second(s)

26-06-2025T19:30:58 - [TEST_STEP][PASSED] - click(findTestObject("Dashboard_Analytics/Delete_Dashboard_CNF")): Object: 'Object Repository/Dashboard_Analytics/Delete_Dashboard_CNF' is clicked on

26-06-2025T19:30:59 - [MESSAGE][PASSED] - Object: 'Object Repository/Dashboard_Analytics/Delete_Dashboard_CNF' is clicked on

26-06-2025T19:30:59 - [TEST_STEP][PASSED] - delay(2): Delayed 2 second(s)

26-06-2025T19:31:01 - [MESSAGE][PASSED] - Delayed 2 second(s)

26-06-2025T19:31:01 - [TEST_STEP][PASSED] - scrollToElement(findTestObject("Dashboard_Analytics/Membership_Plan_Menu_Option"), 5): Scroll to object 'Object Repository/Dashboard_Analytics/Membership_Plan_Menu_Option' successfully

26-06-2025T19:31:01 - [MESSAGE][PASSED] - Scroll to object 'Object Repository/Dashboard_Analytics/Membership_Plan_Menu_Option' successfully

26-06-2025T19:31:01 - [TEST_STEP][PASSED] - click(findTestObject("Dashboard_Analytics/Membership_Plan_Menu_Option")): Object: 'Object Repository/Dashboard_Analytics/Membership_Plan_Menu_Option' is clicked on

26-06-2025T19:31:03 - [MESSAGE][PASSED] - Object: 'Object Repository/Dashboard_Analytics/Membership_Plan_Menu_Option' is clicked on

26-06-2025T19:31:03 - [TEST_STEP][PASSED] - delay(2): Delayed 2 second(s)

26-06-2025T19:31:05 - [MESSAGE][PASSED] - Delayed 2 second(s)

26-06-2025T19:31:05 - [TEST_STEP][PASSED] - click(findTestObject("Dashboard_Analytics/RevPass_Membership_Plan_Edit_Button")): Object: 'Object Repository/Dashboard_Analytics/RevPass_Membership_Plan_Edit_Button' is clicked on

26-06-2025T19:31:06 - [MESSAGE][PASSED] - Object: 'Object Repository/Dashboard_Analytics/RevPass_Membership_Plan_Edit_Button' is clicked on

26-06-2025T19:31:06 - [TEST_STEP][PASSED] - delay(2): Delayed 2 second(s)

26-06-2025T19:31:08 - [MESSAGE][PASSED] - Delayed 2 second(s)

26-06-2025T19:31:08 - [TEST_STEP][PASSED] - click(findTestObject("Dashboard_Analytics/Genearl_Permision_Expand_DrpDwn")): Object: 'Object Repository/Dashboard_Analytics/Genearl_Permision_Expand_DrpDwn' is clicked on

26-06-2025T19:31:10 - [MESSAGE][PASSED] - Object: 'Object Repository/Dashboard_Analytics/Genearl_Permision_Expand_DrpDwn' is clicked on

26-06-2025T19:31:10 - [TEST_STEP][PASSED] - click(findTestObject("Dashboard_Analytics/Checkbox_EngagementInsight_Permission"), CONTINUE_ON_FAILURE): Object: 'Object Repository/Dashboard_Analytics/Checkbox_EngagementInsight_Permission' is clicked on

26-06-2025T19:31:12 - [MESSAGE][PASSED] - Object: 'Object Repository/Dashboard_Analytics/Checkbox_EngagementInsight_Permission' is clicked on

26-06-2025T19:31:12 - [TEST_STEP][PASSED] - scrollToElement(findTestObject("Dashboard_Analytics/Update_Button_MB_Plan"), 10): Scroll to object 'Object Repository/Dashboard_Analytics/Update_Button_MB_Plan' successfully

26-06-2025T19:31:12 - [MESSAGE][PASSED] - Scroll to object 'Object Repository/Dashboard_Analytics/Update_Button_MB_Plan' successfully

26-06-2025T19:31:12 - [TEST_STEP][PASSED] - click(findTestObject("Dashboard_Analytics/Update_Button_MB_Plan")): Object: 'Object Repository/Dashboard_Analytics/Update_Button_MB_Plan' is clicked on

26-06-2025T19:31:14 - [MESSAGE][PASSED] - Object: 'Object Repository/Dashboard_Analytics/Update_Button_MB_Plan' is clicked on

26-06-2025T19:31:14 - [TEST_STEP][PASSED] - delay(15): Delayed 15 second(s)

26-06-2025T19:31:29 - [MESSAGE][PASSED] - Delayed 15 second(s)

26-06-2025T19:31:29 - [TEST_STEP][PASSED] - closeBrowser(): Browser is closed

26-06-2025T19:31:29 - [MESSAGE][PASSED] - Browser is closed]]></system-out>
         <system-err><![CDATA[]]></system-err>
      </testcase>
      <system-out><![CDATA[26-06-2025T19:28:07 - [TEST_SUITE][PASSED] - Dashboard_Creation: Test Cases/Pre-Prod_Environment/Dashboard_Creation_BasicFlow_Script_01]]></system-out>
      <system-err><![CDATA[]]></system-err>
   </testsuite>
</testsuites>
